<?xml version="1.0" encoding="UTF-8"?>
<testng-results ignored="0" total="1" passed="1" failed="0" skipped="0">
  <reporter-output>
  </reporter-output>
  <suite started-at="2024-05-03T12:53:54 IST" name="Default suite" finished-at="2024-05-03T12:54:21 IST" duration-ms="26970">
    <groups>
    </groups>
    <test started-at="2024-05-03T12:53:54 IST" name="Default test" finished-at="2024-05-03T12:54:21 IST" duration-ms="26970">
      <class name="demoqa_test.Task12_Test">
        <test-method is-config="true" signature="launchBrowser()[pri:0, instance:demoqa_test.Task12_Test@6440112d]" started-at="2024-05-03T12:53:55 IST" name="launchBrowser" finished-at="2024-05-03T12:53:59 IST" duration-ms="3960" status="PASS">
          <reporter-output>
          </reporter-output>
        </test-method> <!-- launchBrowser -->
        <test-method signature="testData()[pri:0, instance:demoqa_test.Task12_Test@6440112d]" started-at="2024-05-03T12:53:59 IST" name="testData" finished-at="2024-05-03T12:54:21 IST" duration-ms="22916" status="PASS">
          <reporter-output>
          </reporter-output>
        </test-method> <!-- testData -->
      </class> <!-- demoqa_test.Task12_Test -->
    </test> <!-- Default test -->
  </suite> <!-- Default suite -->
</testng-results>
